<?xml version="1.0" encoding="UTF-8" ?>
<testsuite tests="1" failures="1" name="qa.flashshop.tests.GUITest" time="1.495" errors="0" skipped="0">
  <properties>
    <property name="java.vendor" value="Oracle Corporation"/>
    <property name="JOB_NAME" value="FlashShopFrameWork"/>
    <property name="PWD" value="/home/devarshi"/>
    <property name="sun.java.launcher" value="SUN_STANDARD"/>
    <property name="LC_TIME" value="en_IN"/>
    <property name="sun.management.compiler" value="HotSpot 64-Bit Tiered Compilers"/>
    <property name="EDITOR" value="/usr/bin/nano"/>
    <property name="JENKINS_HOME" value="/home/devarshi/.jenkins"/>
    <property name="XDG_SESSION_PATH" value="/org/freedesktop/DisplayManager/Session0"/>
    <property name="PATH" value="/usr/local/java/jdk1.8.0_161/bin:/usr/local/sbin:/usr/local/bin:/usr/bin:/usr/lib/jvm/default/bin:/usr/bin/site_perl:/usr/bin/vendor_perl:/usr/bin/core_perl"/>
    <property name="HUDSON_SERVER_COOKIE" value="23028d62f08537fd"/>
    <property name="XDG_SESSION_TYPE" value="x11"/>
    <property name="os.name" value="Linux"/>
    <property name="GLADE_PIXMAP_PATH" value=":"/>
    <property name="sun.boot.class.path" value="/usr/local/java/jdk1.8.0_161/jre/lib/resources.jar:/usr/local/java/jdk1.8.0_161/jre/lib/rt.jar:/usr/local/java/jdk1.8.0_161/jre/lib/sunrsasign.jar:/usr/local/java/jdk1.8.0_161/jre/lib/jsse.jar:/usr/local/java/jdk1.8.0_161/jre/lib/jce.jar:/usr/local/java/jdk1.8.0_161/jre/lib/charsets.jar:/usr/local/java/jdk1.8.0_161/jre/lib/jfr.jar:/usr/local/java/jdk1.8.0_161/jre/classes"/>
    <property name="EXECUTOR_NUMBER" value="1"/>
    <property name="XDG_DATA_DIRS" value="/usr/local/share:/usr/share"/>
    <property name="java.vm.specification.vendor" value="Oracle Corporation"/>
    <property name="XDG_RUNTIME_DIR" value="/run/user/1000"/>
    <property name="NODE_LABELS" value="master"/>
    <property name="WINDOWID" value="62914572"/>
    <property name="java.runtime.version" value="1.8.0_161-b12"/>
    <property name="LC_NAME" value="en_IN"/>
    <property name="XDG_SEAT" value="seat0"/>
    <property name="GLADE_CATALOG_PATH" value=":"/>
    <property name="user.name" value="devarshi"/>
    <property name="guice.disable.misplaced.annotation.check" value="true"/>
    <property name="LC_IDENTIFICATION" value="en_IN"/>
    <property name="SSH_AGENT_PID" value="861"/>
    <property name="LC_ADDRESS" value="en_IN"/>
    <property name="user.language" value="en"/>
    <property name="JOB_BASE_NAME" value="FlashShopFrameWork"/>
    <property name="RUN_CHANGES_DISPLAY_URL" value="http://localhost:8090/job/FlashShopFrameWork/1/display/redirect?page=changes"/>
    <property name="BUILD_DISPLAY_NAME" value="#1"/>
    <property name="sun.boot.library.path" value="/usr/local/java/jdk1.8.0_161/jre/lib/amd64"/>
    <property name="DISPLAY" value=":0.0"/>
    <property name="GDMSESSION" value="xfce"/>
    <property name="java.version" value="1.8.0_161"/>
    <property name="XDG_GREETER_DATA_DIR" value="/var/lib/lightdm-data/devarshi"/>
    <property name="user.timezone" value="Asia/Kolkata"/>
    <property name="sun.arch.data.model" value="64"/>
    <property name="MOZ_PLUGIN_PATH" value="/usr/lib/mozilla/plugins"/>
    <property name="NODE_NAME" value="master"/>
    <property name="TERM" value="xterm-256color"/>
    <property name="java.endorsed.dirs" value="/usr/local/java/jdk1.8.0_161/jre/lib/endorsed"/>
    <property name="BUILD_ID" value="1"/>
    <property name="sun.cpu.isalist" value=""/>
    <property name="sun.jnu.encoding" value="UTF-8"/>
    <property name="file.encoding.pkg" value="sun.io"/>
    <property name="SHELL" value="/bin/bash"/>
    <property name="file.separator" value="/"/>
    <property name="java.specification.name" value="Java Platform API Specification"/>
    <property name="maven.conf" value="/home/devarshi/.jenkins/tools/hudson.tasks.Maven_MavenInstallation/MyMaven/conf"/>
    <property name="java.class.version" value="52.0"/>
    <property name="LC_MONETARY" value="en_IN"/>
    <property name="org.slf4j.simpleLogger.defaultLogLevel" value="info"/>
    <property name="user.country" value="IN"/>
    <property name="securerandom.source" value="file:/dev/./urandom"/>
    <property name="java.home" value="/usr/local/java/jdk1.8.0_161/jre"/>
    <property name="XDG_CONFIG_DIRS" value="/etc/xdg"/>
    <property name="java.vm.info" value="mixed mode"/>
    <property name="os.version" value="4.14.48-1-MANJARO"/>
    <property name="SESSION_MANAGER" value="local/sangadak:@/tmp/.ICE-unix/854,unix/sangadak:/tmp/.ICE-unix/854"/>
    <property name="RUN_DISPLAY_URL" value="http://localhost:8090/job/FlashShopFrameWork/1/display/redirect"/>
    <property name="sun.font.fontmanager" value="sun.awt.X11FontManager"/>
    <property name="path.separator" value=":"/>
    <property name="java.vm.version" value="25.161-b12"/>
    <property name="LC_MEASUREMENT" value="en_IN"/>
    <property name="JOB_DISPLAY_URL" value="http://localhost:8090/job/FlashShopFrameWork/display/redirect"/>
    <property name="DESKTOP_SESSION" value="xfce"/>
    <property name="YAOURT_COLORS" value="nb=1:pkg=1:ver=1;32:lver=1;45:installed=1;42:grp=1;34:od=1;41;5:votes=1;44:dsc=0:other=1;35"/>
    <property name="SHLVL" value="2"/>
    <property name="_" value="/usr/local/java/jdk1.8.0_161/bin/java"/>
    <property name="java.awt.printerjob" value="sun.print.PSPrinterJob"/>
    <property name="sun.io.unicode.encoding" value="UnicodeLittle"/>
    <property name="JAVA_HOME" value="/usr/local/java/jdk1.8.0_161"/>
    <property name="XDG_MENU_PREFIX" value="xfce-"/>
    <property name="awt.toolkit" value="sun.awt.X11.XToolkit"/>
    <property name="LOGNAME" value="devarshi"/>
    <property name="HOME" value="/home/devarshi"/>
    <property name="user.home" value="/home/devarshi"/>
    <property name="BUILD_TAG" value="jenkins-FlashShopFrameWork-1"/>
    <property name="JENKINS_SERVER_COOKIE" value="23028d62f08537fd"/>
    <property name="HUDSON_URL" value="http://localhost:8090/"/>
    <property name="DBUS_SESSION_BUS_ADDRESS" value="unix:path=/run/user/1000/bus"/>
    <property name="java.specification.vendor" value="Oracle Corporation"/>
    <property name="XDG_SESSION_ID" value="c2"/>
    <property name="CLASSPATH" value=""/>
    <property name="java.vendor.url" value="http://java.oracle.com/"/>
    <property name="java.library.path" value="/usr/java/packages/lib/amd64:/usr/lib64:/lib64:/lib:/usr/lib"/>
    <property name="java.vm.vendor" value="Oracle Corporation"/>
    <property name="java.runtime.name" value="Java(TM) SE Runtime Environment"/>
    <property name="maven.home" value="/home/devarshi/.jenkins/tools/hudson.tasks.Maven_MavenInstallation/MyMaven"/>
    <property name="XDG_SEAT_PATH" value="/org/freedesktop/DisplayManager/Seat0"/>
    <property name="XDG_VTNR" value="7"/>
    <property name="java.class.path" value="/home/devarshi/.jenkins/plugins/maven-plugin/WEB-INF/lib/maven35-agent-1.12-alpha-1.jar:/home/devarshi/.jenkins/tools/hudson.tasks.Maven_MavenInstallation/MyMaven/boot/plexus-classworlds-2.5.2.jar:/home/devarshi/.jenkins/tools/hudson.tasks.Maven_MavenInstallation/MyMaven/conf/logging"/>
    <property name="sun.java.command" value="jenkins.maven3.agent.Maven35Main /home/devarshi/.jenkins/tools/hudson.tasks.Maven_MavenInstallation/MyMaven /home/devarshi/.jenkins/war/WEB-INF/lib/remoting-3.20.jar /home/devarshi/.jenkins/plugins/maven-plugin/WEB-INF/lib/maven35-interceptor-1.12-alpha-1.jar /home/devarshi/.jenkins/plugins/maven-plugin/WEB-INF/lib/maven3-interceptor-commons-1.12-alpha-1.jar 46535"/>
    <property name="java.vm.specification.name" value="Java Virtual Machine Specification"/>
    <property name="GLADE_MODULE_PATH" value=":"/>
    <property name="java.vm.specification.version" value="1.8"/>
    <property name="sun.os.patch.level" value="unknown"/>
    <property name="sun.cpu.endian" value="little"/>
    <property name="M2_HOME" value="/home/devarshi/.jenkins/tools/hudson.tasks.Maven_MavenInstallation/MyMaven"/>
    <property name="MAIL" value="/var/spool/mail/devarshi"/>
    <property name="VTE_VERSION" value="5202"/>
    <property name="XDG_CURRENT_DESKTOP" value="XFCE"/>
    <property name="java.io.tmpdir" value="/tmp"/>
    <property name="XDG_SESSION_DESKTOP" value="xfce"/>
    <property name="HUDSON_HOME" value="/home/devarshi/.jenkins"/>
    <property name="PATH+MAVEN" value="/home/devarshi/.jenkins/tools/hudson.tasks.Maven_MavenInstallation/MyMaven/bin"/>
    <property name="BUILD_URL" value="http://localhost:8090/job/FlashShopFrameWork/1/"/>
    <property name="java.vendor.url.bug" value="http://bugreport.sun.com/bugreport/"/>
    <property name="LS_COLORS" value="rs=0:di=01;34:ln=01;36:mh=00:pi=40;33:so=01;35:do=01;35:bd=40;33;01:cd=40;33;01:or=01;05;37;41:mi=01;05;37;41:su=37;41:sg=30;43:ca=30;41:tw=30;42:ow=34;42:st=37;44:ex=01;32:*.tar=01;31:*.tgz=01;31:*.arc=01;31:*.arj=01;31:*.taz=01;31:*.lha=01;31:*.lz4=01;31:*.lzh=01;31:*.lzma=01;31:*.tlz=01;31:*.txz=01;31:*.tzo=01;31:*.t7z=01;31:*.zip=01;31:*.z=01;31:*.Z=01;31:*.dz=01;31:*.gz=01;31:*.lrz=01;31:*.lz=01;31:*.lzo=01;31:*.xz=01;31:*.bz2=01;31:*.bz=01;31:*.tbz=01;31:*.tbz2=01;31:*.tz=01;31:*.deb=01;31:*.rpm=01;31:*.jar=01;31:*.war=01;31:*.ear=01;31:*.sar=01;31:*.rar=01;31:*.alz=01;31:*.ace=01;31:*.zoo=01;31:*.cpio=01;31:*.7z=01;31:*.rz=01;31:*.cab=01;31:*.jpg=01;35:*.jpeg=01;35:*.gif=01;35:*.bmp=01;35:*.pbm=01;35:*.pgm=01;35:*.ppm=01;35:*.tga=01;35:*.xbm=01;35:*.xpm=01;35:*.tif=01;35:*.tiff=01;35:*.png=01;35:*.svg=01;35:*.svgz=01;35:*.mng=01;35:*.pcx=01;35:*.mov=01;35:*.mpg=01;35:*.mpeg=01;35:*.m2v=01;35:*.mkv=01;35:*.webm=01;35:*.ogm=01;35:*.mp4=01;35:*.m4v=01;35:*.mp4v=01;35:*.vob=01;35:*.qt=01;35:*.nuv=01;35:*.wmv=01;35:*.asf=01;35:*.rm=01;35:*.rmvb=01;35:*.flc=01;35:*.avi=01;35:*.fli=01;35:*.flv=01;35:*.gl=01;35:*.dl=01;35:*.xcf=01;35:*.xwd=01;35:*.yuv=01;35:*.cgm=01;35:*.emf=01;35:*.axv=01;35:*.anx=01;35:*.ogv=01;35:*.ogx=01;35:*.pdf=00;32:*.ps=00;32:*.txt=00;32:*.patch=00;32:*.diff=00;32:*.log=00;32:*.tex=00;32:*.doc=00;32:*.aac=00;36:*.au=00;36:*.flac=00;36:*.m4a=00;36:*.mid=00;36:*.midi=00;36:*.mka=00;36:*.mp3=00;36:*.mpc=00;36:*.ogg=00;36:*.ra=00;36:*.wav=00;36:*.axa=00;36:*.oga=00;36:*.spx=00;36:*.xspf=00;36:"/>
    <property name="LC_NUMERIC" value="en_IN"/>
    <property name="SSH_AUTH_SOCK" value="/tmp/ssh-JdgydTsYQIAz/agent.860"/>
    <property name="java.awt.graphicsenv" value="sun.awt.X11GraphicsEnvironment"/>
    <property name="os.arch" value="amd64"/>
    <property name="java.ext.dirs" value="/usr/local/java/jdk1.8.0_161/jre/lib/ext:/usr/java/packages/lib/ext"/>
    <property name="user.dir" value="/home/devarshi/eclipse-maven-workspace/FlashShopFrameWork"/>
    <property name="JOB_URL" value="http://localhost:8090/job/FlashShopFrameWork/"/>
    <property name="LC_PAPER" value="en_IN"/>
    <property name="line.separator" value="
"/>
    <property name="MAVEN_HOME" value="/home/devarshi/.jenkins/tools/hudson.tasks.Maven_MavenInstallation/MyMaven"/>
    <property name="XAUTHORITY" value="/home/devarshi/.Xauthority"/>
    <property name="java.vm.name" value="Java HotSpot(TM) 64-Bit Server VM"/>
    <property name="BUILD_NUMBER" value="1"/>
    <property name="JENKINS_URL" value="http://localhost:8090/"/>
    <property name="COLORTERM" value="truecolor"/>
    <property name="GTK2_RC_FILES" value="/home/devarshi/.gtkrc-2.0"/>
    <property name="QT_QPA_PLATFORMTHEME" value="qt5ct"/>
    <property name="file.encoding" value="UTF-8"/>
    <property name="LANG" value="en_IN.utf8"/>
    <property name="maven3.interceptor" value="/home/devarshi/.jenkins/plugins/maven-plugin/WEB-INF/lib/maven35-interceptor-1.12-alpha-1.jar"/>
    <property name="WORKSPACE" value="/home/devarshi/.jenkins/workspace/FlashShopFrameWork"/>
    <property name="maven3.interceptor.common" value="/home/devarshi/.jenkins/plugins/maven-plugin/WEB-INF/lib/maven3-interceptor-commons-1.12-alpha-1.jar"/>
    <property name="GTK_MODULES" value="canberra-gtk-module:canberra-gtk-module"/>
    <property name="LC_TELEPHONE" value="en_IN"/>
    <property name="java.specification.version" value="1.8"/>
    <property name="USER" value="devarshi"/>
  </properties>
  <testcase classname="qa.flashshop.tests.GUITest" name="testLogo" time="1.495">
    <failure message="stale element reference: element is not attached to the page document
  (Session info: chrome=65.0.3325.162)
  (Driver info: chromedriver=2.38.551591 (bcc4a2cdef0f6b942b2bb8049068f65340fa2a69),platform=Linux 4.14.48-1-MANJARO x86_64) (WARNING: The server did not provide any stacktrace information)
Command duration or timeout: 0 milliseconds
For documentation on this error, please visit: http://seleniumhq.org/exceptions/stale_element_reference.html
Build info: version: &apos;3.12.0&apos;, revision: &apos;7c6e0b3&apos;, time: &apos;2018-05-08T14:04:26.12Z&apos;
System info: host: &apos;sangadak&apos;, ip: &apos;127.0.1.1&apos;, os.name: &apos;Linux&apos;, os.arch: &apos;amd64&apos;, os.version: &apos;4.14.48-1-MANJARO&apos;, java.version: &apos;1.8.0_161&apos;
Driver info: org.openqa.selenium.chrome.ChromeDriver
Capabilities {acceptInsecureCerts: false, acceptSslCerts: false, applicationCacheEnabled: false, browserConnectionEnabled: false, browserName: chrome, chrome: {chromedriverVersion: 2.38.551591 (bcc4a2cdef0f6b..., userDataDir: /tmp/.org.chromium.Chromium...}, cssSelectorsEnabled: true, databaseEnabled: false, handlesAlerts: true, hasTouchScreen: false, javascriptEnabled: true, locationContextEnabled: true, mobileEmulationEnabled: false, nativeEvents: true, networkConnectionEnabled: false, pageLoadStrategy: normal, platform: LINUX, platformName: LINUX, rotatable: false, setWindowRect: true, takesHeapSnapshot: true, takesScreenshot: true, unexpectedAlertBehaviour: , unhandledPromptBehavior: , version: 65.0.3325.162, webStorageEnabled: true}
Session ID: 1fd5e52a5af4ff94ee65cae417822fcd" type="org.openqa.selenium.StaleElementReferenceException">org.openqa.selenium.StaleElementReferenceException: stale element reference: element is not attached to the page document
  (Session info: chrome=65.0.3325.162)
  (Driver info: chromedriver=2.38.551591 (bcc4a2cdef0f6b942b2bb8049068f65340fa2a69),platform=Linux 4.14.48-1-MANJARO x86_64) (WARNING: The server did not provide any stacktrace information)
Command duration or timeout: 0 milliseconds
For documentation on this error, please visit: http://seleniumhq.org/exceptions/stale_element_reference.html
Build info: version: &apos;3.12.0&apos;, revision: &apos;7c6e0b3&apos;, time: &apos;2018-05-08T14:04:26.12Z&apos;
System info: host: &apos;sangadak&apos;, ip: &apos;127.0.1.1&apos;, os.name: &apos;Linux&apos;, os.arch: &apos;amd64&apos;, os.version: &apos;4.14.48-1-MANJARO&apos;, java.version: &apos;1.8.0_161&apos;
Driver info: org.openqa.selenium.chrome.ChromeDriver
Capabilities {acceptInsecureCerts: false, acceptSslCerts: false, applicationCacheEnabled: false, browserConnectionEnabled: false, browserName: chrome, chrome: {chromedriverVersion: 2.38.551591 (bcc4a2cdef0f6b..., userDataDir: /tmp/.org.chromium.Chromium...}, cssSelectorsEnabled: true, databaseEnabled: false, handlesAlerts: true, hasTouchScreen: false, javascriptEnabled: true, locationContextEnabled: true, mobileEmulationEnabled: false, nativeEvents: true, networkConnectionEnabled: false, pageLoadStrategy: normal, platform: LINUX, platformName: LINUX, rotatable: false, setWindowRect: true, takesHeapSnapshot: true, takesScreenshot: true, unexpectedAlertBehaviour: , unhandledPromptBehavior: , version: 65.0.3325.162, webStorageEnabled: true}
Session ID: 1fd5e52a5af4ff94ee65cae417822fcd
	at sun.reflect.NativeConstructorAccessorImpl.newInstance0(Native Method)
	at sun.reflect.NativeConstructorAccessorImpl.newInstance(NativeConstructorAccessorImpl.java:62)
	at sun.reflect.DelegatingConstructorAccessorImpl.newInstance(DelegatingConstructorAccessorImpl.java:45)
	at java.lang.reflect.Constructor.newInstance(Constructor.java:423)
	at org.openqa.selenium.remote.ErrorHandler.createThrowable(ErrorHandler.java:214)
	at org.openqa.selenium.remote.ErrorHandler.throwIfResponseFailed(ErrorHandler.java:166)
	at org.openqa.selenium.remote.http.JsonHttpResponseCodec.reconstructValue(JsonHttpResponseCodec.java:40)
	at org.openqa.selenium.remote.http.AbstractHttpResponseCodec.decode(AbstractHttpResponseCodec.java:80)
	at org.openqa.selenium.remote.http.AbstractHttpResponseCodec.decode(AbstractHttpResponseCodec.java:44)
	at org.openqa.selenium.remote.HttpCommandExecutor.execute(HttpCommandExecutor.java:158)
	at org.openqa.selenium.remote.service.DriverCommandExecutor.execute(DriverCommandExecutor.java:83)
	at org.openqa.selenium.remote.RemoteWebDriver.execute(RemoteWebDriver.java:543)
	at org.openqa.selenium.remote.RemoteWebElement.execute(RemoteWebElement.java:276)
	at org.openqa.selenium.remote.RemoteWebElement.getAttribute(RemoteWebElement.java:128)
	at qa.flashshop.pages.HomePage.clickOnLogo(HomePage.java:21)
	at qa.flashshop.tests.GUITest.testLogo(GUITest.java:13)
</failure>
    <system-out>Configuring TestNG with: org.apache.maven.surefire.testng.conf.TestNG652Configurator@5c8da962
</system-out>
    <system-err>Starting ChromeDriver 2.38.551591 (bcc4a2cdef0f6b942b2bb8049068f65340fa2a69) on port 10785
Only local connections are allowed.
Jun 12, 2018 4:03:46 PM org.openqa.selenium.remote.ProtocolHandshake createSession
INFO: Detected dialect: OSS
</system-err>
  </testcase>
</testsuite>